<?xml version="1.0" encoding="UTF-8"?>
<!-- Generated by org.testng.reporters.JUnitReportReporter -->
<testsuite hostname="DESKTOP-GQ5M48D" failures="0" tests="2" name="dbValidationCases.CreateProfileAndValidateDB" time="19.795" errors="0" timestamp="07 Jan 2018 09:35:53 GMT" skipped="0">
  <testcase classname="dbValidationCases.CreateProfileAndValidateDB" name="createProfile" time="18.026"/>
  <testcase classname="dbValidationCases.CreateProfileAndValidateDB" name="dnValidation" time="1.769"/>
</testsuite> <!-- dbValidationCases.CreateProfileAndValidateDB -->
