<?xml version="1.0" encoding="UTF-8"?>
<!-- Generated by org.testng.reporters.JUnitReportReporter -->
<testsuite hostname="DESKTOP-GQ5M48D" failures="0" tests="1" name="testcases.AddItemToCart" time="0.000" errors="0" timestamp="06 Jan 2018 19:46:30 GMT" skipped="1">
  <testcase classname="testcases.AddItemToCart" name="addItemToCart" time="0.000">
    <skipped/>
  </testcase> <!-- addItemToCart -->
</testsuite> <!-- testcases.AddItemToCart -->
