<?xml version="1.0" encoding="UTF-8"?>
<!-- Generated by org.testng.reporters.JUnitReportReporter -->
<testsuite hostname="DESKTOP-GQ5M48D" failures="0" tests="1" name="testcases.CreateAProfile" time="13.328" errors="0" timestamp="07 Jan 2018 06:25:29 GMT" skipped="0">
  <testcase classname="testcases.CreateAProfile" name="createProfile" time="13.328"/>
</testsuite> <!-- testcases.CreateAProfile -->
