<?xml version="1.0" encoding="UTF-8"?>
<!-- Generated by org.testng.reporters.JUnitReportReporter -->
<testsuite hostname="DESKTOP-GQ5M48D" failures="0" tests="1" name="generic.MouseHover" time="8.653" errors="0" timestamp="05 Jan 2018 18:48:09 GMT" skipped="0">
  <testcase classname="generic.MouseHover" name="run" time="8.653"/>
</testsuite> <!-- generic.MouseHover -->
