<?xml version="1.0" encoding="UTF-8"?>
<!-- Generated by org.testng.reporters.JUnitReportReporter -->
<testsuite hostname="DESKTOP-GQ5M48D" failures="0" tests="1" name="testcases.RegisterAndLogout" time="13.530" errors="0" timestamp="05 Jan 2018 20:13:28 GMT" skipped="0">
  <testcase classname="testcases.RegisterAndLogout" name="createProfile" time="13.530"/>
</testsuite> <!-- testcases.RegisterAndLogout -->
