<?xml version="1.0" encoding="UTF-8"?>
<!-- Generated by org.testng.reporters.JUnitReportReporter -->
<testsuite hostname="DESKTOP-GQ5M48D" failures="0" tests="2" name="dbValidationCases.CreateProfileAndValidateDB" time="14.701" errors="0" timestamp="07 Jan 2018 09:52:24 GMT" skipped="0">
  <testcase classname="dbValidationCases.CreateProfileAndValidateDB" name="createProfile" time="13.035"/>
  <testcase classname="dbValidationCases.CreateProfileAndValidateDB" name="dnValidation" time="1.666"/>
</testsuite> <!-- dbValidationCases.CreateProfileAndValidateDB -->
