<?xml version="1.0" encoding="UTF-8"?>
<!-- Generated by org.testng.reporters.JUnitReportReporter -->
<testsuite hostname="DESKTOP-GQ5M48D" failures="0" tests="1" name="testcases.BaseClass" time="3.915" errors="0" timestamp="03 Jan 2018 16:29:13 GMT" skipped="0">
  <testcase classname="testcases.BaseClass" name="openBrowser" time="3.915"/>
</testsuite> <!-- testcases.BaseClass -->
